<?xml version="1.0" encoding="UTF-8"?>
<testng-results skipped="0" failed="2" total="12" passed="10">
  <reporter-output>
  </reporter-output>
  <suite name="Verizon Regression" duration-ms="91870" started-at="2020-08-01T03:03:24Z" finished-at="2020-08-01T03:04:56Z">
    <groups>
    </groups>
    <test name="Test" duration-ms="91870" started-at="2020-08-01T03:03:24Z" finished-at="2020-08-01T03:04:56Z">
      <class name="com.qa.verizon.test.PhoneTest">
        <test-method status="FAIL" signature="VerifyTitle()[pri:1, instance:com.qa.verizon.test.PhoneTest@62452cc9]" name="VerifyTitle" duration-ms="96" started-at="2020-07-31T22:04:01Z" finished-at="2020-07-31T22:04:01Z">
          <exception class="java.lang.AssertionError">
            <message>
              <![CDATA[expected [New Apple iPhone 11 - 6 Cool Colors & Dual Camera | Best Price] but found [Apple iPhone 11 - 6 Cool Colors & Dual Camera | Best Price]]]>
            </message>
            <full-stacktrace>
              <![CDATA[java.lang.AssertionError: expected [New Apple iPhone 11 - 6 Cool Colors & Dual Camera | Best Price] but found [Apple iPhone 11 - 6 Cool Colors & Dual Camera | Best Price]
	at org.testng.Assert.fail(Assert.java:94)
	at org.testng.Assert.failNotEquals(Assert.java:513)
	at org.testng.Assert.assertEqualsImpl(Assert.java:135)
	at org.testng.Assert.assertEquals(Assert.java:116)
	at org.testng.Assert.assertEquals(Assert.java:190)
	at org.testng.Assert.assertEquals(Assert.java:200)
	at com.qa.verizon.test.PhoneTest.VerifyTitle(PhoneTest.java:40)
	at sun.reflect.NativeMethodAccessorImpl.invoke0(Native Method)
	at sun.reflect.NativeMethodAccessorImpl.invoke(NativeMethodAccessorImpl.java:62)
	at sun.reflect.DelegatingMethodAccessorImpl.invoke(DelegatingMethodAccessorImpl.java:43)
	at java.lang.reflect.Method.invoke(Method.java:498)
	at org.testng.internal.MethodInvocationHelper.invokeMethod(MethodInvocationHelper.java:86)
	at org.testng.internal.Invoker.invokeMethod(Invoker.java:645)
	at org.testng.internal.Invoker.invokeTestMethod(Invoker.java:822)
	at org.testng.internal.Invoker.invokeTestMethods(Invoker.java:1130)
	at org.testng.internal.TestMethodWorker.invokeTestMethods(TestMethodWorker.java:129)
	at org.testng.internal.TestMethodWorker.run(TestMethodWorker.java:112)
	at org.testng.TestRunner.privateRun(TestRunner.java:782)
	at org.testng.TestRunner.run(TestRunner.java:632)
	at org.testng.SuiteRunner.runTest(SuiteRunner.java:366)
	at org.testng.SuiteRunner.runSequentially(SuiteRunner.java:361)
	at org.testng.SuiteRunner.privateRun(SuiteRunner.java:319)
	at org.testng.SuiteRunner.run(SuiteRunner.java:268)
	at org.testng.SuiteRunnerWorker.runSuite(SuiteRunnerWorker.java:52)
	at org.testng.SuiteRunnerWorker.run(SuiteRunnerWorker.java:86)
	at org.testng.TestNG.runSuitesSequentially(TestNG.java:1244)
	at org.testng.TestNG.runSuitesLocally(TestNG.java:1169)
	at org.testng.TestNG.run(TestNG.java:1064)
	at org.testng.remote.RemoteTestNG.run(RemoteTestNG.java:113)
	at org.testng.remote.RemoteTestNG.initAndRun(RemoteTestNG.java:206)
	at org.testng.remote.RemoteTestNG.main(RemoteTestNG.java:177)
]]>
            </full-stacktrace>
          </exception> <!-- java.lang.AssertionError -->
          <reporter-output>
          </reporter-output>
        </test-method> <!-- VerifyTitle -->
        <test-method status="PASS" signature="ChooseColorAndPrice()[pri:2, instance:com.qa.verizon.test.PhoneTest@62452cc9]" name="ChooseColorAndPrice" duration-ms="1143" started-at="2020-07-31T22:04:01Z" finished-at="2020-07-31T22:04:02Z">
          <reporter-output>
          </reporter-output>
        </test-method> <!-- ChooseColorAndPrice -->
        <test-method status="PASS" signature="SelectNextButton()[pri:3, instance:com.qa.verizon.test.PhoneTest@62452cc9]" name="SelectNextButton" duration-ms="3516" started-at="2020-07-31T22:04:02Z" finished-at="2020-07-31T22:04:06Z">
          <reporter-output>
          </reporter-output>
        </test-method> <!-- SelectNextButton -->
        <test-method status="PASS" signature="SelectDeclineButton()[pri:4, instance:com.qa.verizon.test.PhoneTest@62452cc9]" name="SelectDeclineButton" duration-ms="800" started-at="2020-07-31T22:04:06Z" finished-at="2020-07-31T22:04:07Z">
          <reporter-output>
          </reporter-output>
        </test-method> <!-- SelectDeclineButton -->
        <test-method status="PASS" signature="Chooseplan()[pri:5, instance:com.qa.verizon.test.PhoneTest@62452cc9]" name="Chooseplan" duration-ms="5266" started-at="2020-07-31T22:04:07Z" finished-at="2020-07-31T22:04:12Z">
          <reporter-output>
          </reporter-output>
        </test-method> <!-- Chooseplan -->
        <test-method status="PASS" signature="VerifyPhone()[pri:6, instance:com.qa.verizon.test.PhoneTest@62452cc9]" name="VerifyPhone" duration-ms="4289" started-at="2020-07-31T22:04:12Z" finished-at="2020-07-31T22:04:16Z">
          <reporter-output>
          </reporter-output>
        </test-method> <!-- VerifyPhone -->
        <test-method status="PASS" signature="getSecondTitle()[pri:6, instance:com.qa.verizon.test.PhoneTest@62452cc9]" name="getSecondTitle" duration-ms="10" started-at="2020-07-31T22:04:16Z" finished-at="2020-07-31T22:04:16Z">
          <reporter-output>
          </reporter-output>
        </test-method> <!-- getSecondTitle -->
      </class> <!-- com.qa.verizon.test.PhoneTest -->
      <class name="com.qa.verizon.test.HomePageTest">
        <test-method status="PASS" signature="Setup()[pri:0, instance:com.qa.verizon.test.HomePageTest@5a7005d]" name="Setup" is-config="true" duration-ms="3323" started-at="2020-07-31T22:03:24Z" finished-at="2020-07-31T22:03:28Z">
          <reporter-output>
          </reporter-output>
        </test-method> <!-- Setup -->
        <test-method status="PASS" signature="Setup()[pri:0, instance:com.qa.verizon.test.PhoneTest@62452cc9]" name="Setup" is-config="true" duration-ms="8017" started-at="2020-07-31T22:03:28Z" finished-at="2020-07-31T22:03:36Z">
          <reporter-output>
          </reporter-output>
        </test-method> <!-- Setup -->
        <test-method status="PASS" signature="Setup()[pri:0, instance:com.qa.verizon.test.SmartPhonePageTest@6941827a]" name="Setup" is-config="true" duration-ms="25095" started-at="2020-07-31T22:03:36Z" finished-at="2020-07-31T22:04:01Z">
          <reporter-output>
          </reporter-output>
        </test-method> <!-- Setup -->
        <test-method status="PASS" signature="verifyPagetitle()[pri:1, instance:com.qa.verizon.test.HomePageTest@5a7005d]" name="verifyPagetitle" duration-ms="35" started-at="2020-07-31T22:04:52Z" finished-at="2020-07-31T22:04:52Z">
          <reporter-output>
          </reporter-output>
        </test-method> <!-- verifyPagetitle -->
        <test-method status="PASS" signature="Clickphone()[pri:2, instance:com.qa.verizon.test.HomePageTest@5a7005d]" name="Clickphone" duration-ms="173" started-at="2020-07-31T22:04:52Z" finished-at="2020-07-31T22:04:52Z">
          <reporter-output>
          </reporter-output>
        </test-method> <!-- Clickphone -->
        <test-method status="PASS" signature="ClickSmartPhone()[pri:3, instance:com.qa.verizon.test.HomePageTest@5a7005d]" name="ClickSmartPhone" duration-ms="3719" started-at="2020-07-31T22:04:52Z" finished-at="2020-07-31T22:04:55Z">
          <reporter-output>
          </reporter-output>
        </test-method> <!-- ClickSmartPhone -->
        <test-method status="PASS" signature="teardown()[pri:0, instance:com.qa.verizon.test.HomePageTest@5a7005d]" name="teardown" is-config="true" duration-ms="110" started-at="2020-07-31T22:04:55Z" finished-at="2020-07-31T22:04:56Z">
          <reporter-output>
          </reporter-output>
        </test-method> <!-- teardown -->
        <test-method status="PASS" signature="teardown()[pri:0, instance:com.qa.verizon.test.PhoneTest@62452cc9]" name="teardown" is-config="true" duration-ms="155" started-at="2020-07-31T22:04:56Z" finished-at="2020-07-31T22:04:56Z">
          <reporter-output>
          </reporter-output>
        </test-method> <!-- teardown -->
        <test-method status="PASS" signature="teardown()[pri:0, instance:com.qa.verizon.test.SmartPhonePageTest@6941827a]" name="teardown" is-config="true" duration-ms="114" started-at="2020-07-31T22:04:56Z" finished-at="2020-07-31T22:04:56Z">
          <reporter-output>
          </reporter-output>
        </test-method> <!-- teardown -->
      </class> <!-- com.qa.verizon.test.HomePageTest -->
      <class name="com.qa.verizon.test.SmartPhonePageTest">
        <test-method status="FAIL" signature="PagetitleVerify()[pri:1, instance:com.qa.verizon.test.SmartPhonePageTest@6941827a]" name="PagetitleVerify" duration-ms="15291" started-at="2020-07-31T22:04:16Z" finished-at="2020-07-31T22:04:31Z">
          <exception class="org.openqa.selenium.TimeoutException">
            <message>
              <![CDATA[Expected condition failed: waiting for title to contain "Smartphones - Buy The Newest Cell Phones | Verizon Wireless". Current title: "Verizon: Wireless, Internet, TV and Phone Services | Official Site" (tried for 15 second(s) with 500 milliseconds interval)
Build info: version: '3.141.59', revision: 'e82be7d358', time: '2018-11-14T08:17:03'
System info: host: 'tubas-MBP.lan', ip: '2605:6000:1516:4081:0:0:0:8edc%en0', os.name: 'Mac OS X', os.arch: 'x86_64', os.version: '10.15.6', java.version: '1.8.0_241'
Driver info: org.openqa.selenium.chrome.ChromeDriver
Capabilities {acceptInsecureCerts: false, browserName: chrome, browserVersion: 84.0.4147.105, chrome: {chromedriverVersion: 84.0.4147.30 (48b3e868b4cc0..., userDataDir: /var/folders/yb/krnghls1475...}, goog:chromeOptions: {debuggerAddress: localhost:62704}, javascriptEnabled: true, networkConnectionEnabled: false, pageLoadStrategy: normal, platform: MAC, platformName: MAC, proxy: Proxy(), setWindowRect: true, strictFileInteractability: false, timeouts: {implicit: 0, pageLoad: 300000, script: 30000}, unhandledPromptBehavior: dismiss and notify, webauthn:virtualAuthenticators: true}
Session ID: 7d4d4a0f41e63a29ee16f370d1c7232b]]>
            </message>
            <full-stacktrace>
              <![CDATA[org.openqa.selenium.TimeoutException: Expected condition failed: waiting for title to contain "Smartphones - Buy The Newest Cell Phones | Verizon Wireless". Current title: "Verizon: Wireless, Internet, TV and Phone Services | Official Site" (tried for 15 second(s) with 500 milliseconds interval)
Build info: version: '3.141.59', revision: 'e82be7d358', time: '2018-11-14T08:17:03'
System info: host: 'tubas-MBP.lan', ip: '2605:6000:1516:4081:0:0:0:8edc%en0', os.name: 'Mac OS X', os.arch: 'x86_64', os.version: '10.15.6', java.version: '1.8.0_241'
Driver info: org.openqa.selenium.chrome.ChromeDriver
Capabilities {acceptInsecureCerts: false, browserName: chrome, browserVersion: 84.0.4147.105, chrome: {chromedriverVersion: 84.0.4147.30 (48b3e868b4cc0..., userDataDir: /var/folders/yb/krnghls1475...}, goog:chromeOptions: {debuggerAddress: localhost:62704}, javascriptEnabled: true, networkConnectionEnabled: false, pageLoadStrategy: normal, platform: MAC, platformName: MAC, proxy: Proxy(), setWindowRect: true, strictFileInteractability: false, timeouts: {implicit: 0, pageLoad: 300000, script: 30000}, unhandledPromptBehavior: dismiss and notify, webauthn:virtualAuthenticators: true}
Session ID: 7d4d4a0f41e63a29ee16f370d1c7232b
	at org.openqa.selenium.support.ui.WebDriverWait.timeoutException(WebDriverWait.java:95)
	at org.openqa.selenium.support.ui.FluentWait.until(FluentWait.java:272)
	at com.qa.verizon.page.SmartPhone.getpagetitle(SmartPhone.java:29)
	at com.qa.verizon.test.SmartPhonePageTest.PagetitleVerify(SmartPhonePageTest.java:47)
	at sun.reflect.NativeMethodAccessorImpl.invoke0(Native Method)
	at sun.reflect.NativeMethodAccessorImpl.invoke(NativeMethodAccessorImpl.java:62)
	at sun.reflect.DelegatingMethodAccessorImpl.invoke(DelegatingMethodAccessorImpl.java:43)
	at java.lang.reflect.Method.invoke(Method.java:498)
	at org.testng.internal.MethodInvocationHelper.invokeMethod(MethodInvocationHelper.java:86)
	at org.testng.internal.Invoker.invokeMethod(Invoker.java:645)
	at org.testng.internal.Invoker.invokeTestMethod(Invoker.java:822)
	at org.testng.internal.Invoker.invokeTestMethods(Invoker.java:1130)
	at org.testng.internal.TestMethodWorker.invokeTestMethods(TestMethodWorker.java:129)
	at org.testng.internal.TestMethodWorker.run(TestMethodWorker.java:112)
	at org.testng.TestRunner.privateRun(TestRunner.java:782)
	at org.testng.TestRunner.run(TestRunner.java:632)
	at org.testng.SuiteRunner.runTest(SuiteRunner.java:366)
	at org.testng.SuiteRunner.runSequentially(SuiteRunner.java:361)
	at org.testng.SuiteRunner.privateRun(SuiteRunner.java:319)
	at org.testng.SuiteRunner.run(SuiteRunner.java:268)
	at org.testng.SuiteRunnerWorker.runSuite(SuiteRunnerWorker.java:52)
	at org.testng.SuiteRunnerWorker.run(SuiteRunnerWorker.java:86)
	at org.testng.TestNG.runSuitesSequentially(TestNG.java:1244)
	at org.testng.TestNG.runSuitesLocally(TestNG.java:1169)
	at org.testng.TestNG.run(TestNG.java:1064)
	at org.testng.remote.RemoteTestNG.run(RemoteTestNG.java:113)
	at org.testng.remote.RemoteTestNG.initAndRun(RemoteTestNG.java:206)
	at org.testng.remote.RemoteTestNG.main(RemoteTestNG.java:177)
]]>
            </full-stacktrace>
          </exception> <!-- org.openqa.selenium.TimeoutException -->
          <reporter-output>
          </reporter-output>
        </test-method> <!-- PagetitleVerify -->
        <test-method status="PASS" signature="Choosephone()[pri:2, instance:com.qa.verizon.test.SmartPhonePageTest@6941827a]" name="Choosephone" duration-ms="20065" started-at="2020-07-31T22:04:31Z" finished-at="2020-07-31T22:04:52Z">
          <reporter-output>
          </reporter-output>
        </test-method> <!-- Choosephone -->
      </class> <!-- com.qa.verizon.test.SmartPhonePageTest -->
    </test> <!-- Test -->
  </suite> <!-- Verizon Regression -->
</testng-results>
