<?xml version="1.0" encoding="UTF-8"?>
<!-- Generated by org.testng.reporters.JUnitXMLReporter -->
<testsuite hostname="tubas-MBP.lan" name="Test" tests="12" failures="2" timestamp="1 Aug 2020 03:04:56 GMT" time="91.87" errors="0">
  <testcase name="VerifyTitle" time="0.096" classname="com.qa.verizon.test.PhoneTest">
    <failure type="java.lang.AssertionError" message="expected [New Apple iPhone 11 - 6 Cool Colors &amp;amp; Dual Camera | Best Price] but found [Apple iPhone 11 - 6 Cool Colors &amp;amp; Dual Camera | Best Price]">
      <![CDATA[java.lang.AssertionError: expected [New Apple iPhone 11 - 6 Cool Colors & Dual Camera | Best Price] but found [Apple iPhone 11 - 6 Cool Colors & Dual Camera | Best Price]
	at com.qa.verizon.test.PhoneTest.VerifyTitle(PhoneTest.java:40)
... Removed 30 stack frames]]>
    </failure>
  </testcase> <!-- VerifyTitle -->
  <testcase name="ChooseColorAndPrice" time="1.143" classname="com.qa.verizon.test.PhoneTest"/>
  <testcase name="SelectNextButton" time="3.516" classname="com.qa.verizon.test.PhoneTest"/>
  <testcase name="SelectDeclineButton" time="0.8" classname="com.qa.verizon.test.PhoneTest"/>
  <testcase name="Chooseplan" time="5.266" classname="com.qa.verizon.test.PhoneTest"/>
  <testcase name="VerifyPhone" time="4.289" classname="com.qa.verizon.test.PhoneTest"/>
  <testcase name="getSecondTitle" time="0.01" classname="com.qa.verizon.test.PhoneTest"/>
  <testcase name="PagetitleVerify" time="15.291" classname="com.qa.verizon.test.SmartPhonePageTest">
    <failure type="org.openqa.selenium.TimeoutException" message="Expected condition failed: waiting for title to contain &amp;quot;Smartphones - Buy The Newest Cell Phones | Verizon Wireless&amp;quot;. Current title: &amp;quot;Verizon: Wireless, Internet, TV and Phone Services | Official Site&amp;quot; (tried for 15 second(s) with 500 milliseconds interval)
Build info: version: &amp;apos;3.141.59&amp;apos;, revision: &amp;apos;e82be7d358&amp;apos;, time: &amp;apos;2018-11-14T08:17:03&amp;apos;
System info: host: &amp;apos;tubas-MBP.lan&amp;apos;, ip: &amp;apos;2605:6000:1516:4081:0:0:0:8edc%en0&amp;apos;, os.name: &amp;apos;Mac OS X&amp;apos;, os.arch: &amp;apos;x86_64&amp;apos;, os.version: &amp;apos;10.15.6&amp;apos;, java.version: &amp;apos;1.8.0_241&amp;apos;
Driver info: org.openqa.selenium.chrome.ChromeDriver
Capabilities {acceptInsecureCerts: false, browserName: chrome, browserVersion: 84.0.4147.105, chrome: {chromedriverVersion: 84.0.4147.30 (48b3e868b4cc0..., userDataDir: /var/folders/yb/krnghls1475...}, goog:chromeOptions: {debuggerAddress: localhost:62704}, javascriptEnabled: true, networkConnectionEnabled: false, pageLoadStrategy: normal, platform: MAC, platformName: MAC, proxy: Proxy(), setWindowRect: true, strictFileInteractability: false, timeouts: {implicit: 0, pageLoad: 300000, script: 30000}, unhandledPromptBehavior: dismiss and notify, webauthn:virtualAuthenticators: true}
Session ID: 7d4d4a0f41e63a29ee16f370d1c7232b">
      <![CDATA[org.openqa.selenium.TimeoutException: Expected condition failed: waiting for title to contain "Smartphones - Buy The Newest Cell Phones | Verizon Wireless". Current title: "Verizon: Wireless, Internet, TV and Phone Services | Official Site" (tried for 15 second(s) with 500 milliseconds interval)
Build info: version: '3.141.59', revision: 'e82be7d358', time: '2018-11-14T08:17:03'
System info: host: 'tubas-MBP.lan', ip: '2605:6000:1516:4081:0:0:0:8edc%en0', os.name: 'Mac OS X', os.arch: 'x86_64', os.version: '10.15.6', java.version: '1.8.0_241'
Driver info: org.openqa.selenium.chrome.ChromeDriver
Capabilities {acceptInsecureCerts: false, browserName: chrome, browserVersion: 84.0.4147.105, chrome: {chromedriverVersion: 84.0.4147.30 (48b3e868b4cc0..., userDataDir: /var/folders/yb/krnghls1475...}, goog:chromeOptions: {debuggerAddress: localhost:62704}, javascriptEnabled: true, networkConnectionEnabled: false, pageLoadStrategy: normal, platform: MAC, platformName: MAC, proxy: Proxy(), setWindowRect: true, strictFileInteractability: false, timeouts: {implicit: 0, pageLoad: 300000, script: 30000}, unhandledPromptBehavior: dismiss and notify, webauthn:virtualAuthenticators: true}
Session ID: 7d4d4a0f41e63a29ee16f370d1c7232b
	at org.openqa.selenium.support.ui.WebDriverWait.timeoutException(WebDriverWait.java:95)
	at org.openqa.selenium.support.ui.FluentWait.until(FluentWait.java:272)
	at com.qa.verizon.page.SmartPhone.getpagetitle(SmartPhone.java:29)
	at com.qa.verizon.test.SmartPhonePageTest.PagetitleVerify(SmartPhonePageTest.java:47)
... Removed 24 stack frames]]>
    </failure>
  </testcase> <!-- PagetitleVerify -->
  <testcase name="Choosephone" time="20.065" classname="com.qa.verizon.test.SmartPhonePageTest"/>
  <testcase name="verifyPagetitle" time="0.035" classname="com.qa.verizon.test.HomePageTest"/>
  <testcase name="Clickphone" time="0.173" classname="com.qa.verizon.test.HomePageTest"/>
  <testcase name="ClickSmartPhone" time="3.719" classname="com.qa.verizon.test.HomePageTest"/>
</testsuite> <!-- Test -->
